* using log directory 'C:/Users/Kevin/Desktop/RForge/siber/pkg/SIBER.Rcheck'
* using R version 3.4.0 (2017-04-21)
* using platform: x86_64-w64-mingw32 (64-bit)
* using session charset: ISO8859-1
* using option '--as-cran'
* checking for file 'SIBER/DESCRIPTION' ... OK
* checking extension type ... Package
* this is package 'SIBER' version '1.0.0'
* checking CRAN incoming feasibility ... WARNING
Maintainer: 'Pan Tong <nickytong@gmail.com>'

Insufficient package version (submitted: 1.0.0, existing: 2.1.3)

New maintainer:
  Pan Tong <nickytong@gmail.com>
Old maintainer(s):
  Andrew Jackson <a.jackson@tcd.ie>

The Description field should not start with the package name,
  'This package' or similar.

The Date field is over a month old.
* checking package namespace information ... OK
* checking package dependencies ... OK
* checking if this is a source package ... OK
* checking if there is a namespace ... OK
* checking for executable files ... OK
* checking for hidden files and directories ... OK
* checking for portable file names ... OK
* checking whether package 'SIBER' can be installed ... OK
* checking installed package size ... OK
* checking package directory ... OK
* checking 'build' directory ... OK
* checking DESCRIPTION meta-information ... OK
* checking top-level files ... OK
* checking for left-over files ... OK
* checking index information ... OK
* checking package subdirectories ... OK
* checking R files for non-ASCII characters ... OK
* checking R files for syntax errors ... OK
* checking whether the package can be loaded ... OK
* checking whether the package can be loaded with stated dependencies ... OK
* checking whether the package can be unloaded cleanly ... OK
* checking whether the namespace can be loaded with stated dependencies ... OK
* checking whether the namespace can be unloaded cleanly ... OK
* checking use of S3 registration ... OK
* checking dependencies in R code ... OK
* checking S3 generic/method consistency ... OK
* checking replacement functions ... OK
* checking foreign function calls ... OK
* checking R code for possible problems ... NOTE
fitGP: no visible global function definition for 'quantile'
fitGP: no visible global function definition for 'var'
fitGP: no visible global function definition for 'optim'
fitLN: no visible global function definition for 'median'
fitLN: no visible global function definition for 'sd'
fitNB: no visible global function definition for 'quantile'
fitNB: no visible global function definition for 'var'
fitNB: no visible global function definition for 'optim'
logLik0inflatedLN: no visible global function definition for 'dlnorm'
logLik0inflatedLN: no visible global function definition for 'dnorm'
logLikLN: no visible global function definition for 'dlnorm'
Undefined global functions or variables:
  dlnorm dnorm median optim quantile sd var
Consider adding
  importFrom("stats", "dlnorm", "dnorm", "median", "optim", "quantile",
             "sd", "var")
to your NAMESPACE file.
* checking Rd files ... OK
* checking Rd metadata ... OK
* checking Rd line widths ... OK
* checking Rd cross-references ... OK
* checking for missing documentation entries ... OK
* checking for code/documentation mismatches ... OK
* checking Rd \usage sections ... OK
* checking Rd contents ... OK
* checking for unstated dependencies in examples ... OK
* checking contents of 'data' directory ... OK
* checking data for non-ASCII characters ... OK
* checking data for ASCII and uncompressed saves ... OK
* checking sizes of PDF files under 'inst/doc' ... OK
* checking installed files from 'inst/doc' ... OK
* checking files in 'vignettes' ... OK
* checking examples ... OK
* checking for unstated dependencies in vignettes ... OK
* checking package vignettes in 'inst/doc' ... OK
* checking re-building of vignette outputs ... OK
* checking PDF version of manual ... OK
* DONE
Status: 1 WARNING, 1 NOTE
